<?xml version='1.0' encoding='UTF-8'?>
<testsuite hostname="C02CH30FLVDL" name="jass.metrics.DeltaClusteringMetricsSpec" tests="3" errors="0" failures="0" skipped="1" time="18.635" timestamp="2023-03-24T16:54:51">
                     <properties>
      <property name="jline.esc.timeout" value="0"/><property name="jna.platform.library.path" value="/usr/lib:/usr/lib"/><property name="java.runtime.name" value="OpenJDK Runtime Environment"/><property name="sun.boot.library.path" value="/Users/abidijasser/Library/Java/JavaVirtualMachines/corretto-1.8.0_275/Contents/Home/jre/lib"/><property name="java.vm.version" value="25.275-b01"/><property name="gopherProxySet" value="false"/><property name="java.vm.vendor" value="Amazon.com Inc."/><property name="java.vendor.url" value="https://aws.amazon.com/corretto/"/><property name="path.separator" value=":"/><property name="jna.loaded" value="true"/><property name="java.vm.name" value="OpenJDK 64-Bit Server VM"/><property name="file.encoding.pkg" value="sun.io"/><property name="user.country" value="VI"/><property name="sun.java.launcher" value="SUN_STANDARD"/><property name="sun.os.patch.level" value="unknown"/><property name="jna.nosys" value="true"/><property name="java.vm.specification.name" value="Java Virtual Machine Specification"/><property name="user.dir" value="/Users/abidijasser/databricks/ClusteringInfo"/><property name="java.runtime.version" value="1.8.0_275-b01"/><property name="java.awt.graphicsenv" value="sun.awt.CGraphicsEnvironment"/><property name="idea.managed" value="true"/><property name="java.endorsed.dirs" value="/Users/abidijasser/Library/Java/JavaVirtualMachines/corretto-1.8.0_275/Contents/Home/jre/lib/endorsed"/><property name="os.arch" value="x86_64"/><property name="java.io.tmpdir" value="/var/folders/7l/wv8m_f052kg81ptqk7wplhqw0000gn/T/"/><property name="line.separator" value="
"/><property name="java.vm.specification.vendor" value="Oracle Corporation"/><property name="log4j.ignoreTCL" value="true"/><property name="os.name" value="Mac OS X"/><property name="sun.jnu.encoding" value="UTF-8"/><property name="jnidispatch.path" value="/Users/abidijasser/Library/Caches/JNA/temp/jna1233141989059421287.tmp"/><property name="java.library.path" value="/Users/abidijasser/Library/Java/Extensions:/Library/Java/Extensions:/Network/Library/Java/Extensions:/System/Library/Java/Extensions:/usr/lib/java:."/><property name="java.specification.name" value="Java Platform API Specification"/><property name="java.class.version" value="52.0"/><property name="sun.management.compiler" value="HotSpot 64-Bit Tiered Compilers"/><property name="os.version" value="10.16"/><property name="http.nonProxyHosts" value="local|*.local|169.254/16|*.169.254/16"/><property name="swoval.tmpdir" value="/Users/abidijasser/.sbt/1.0"/><property name="user.home" value="/Users/abidijasser"/><property name="user.timezone" value="Europe/Amsterdam"/><property name="java.awt.printerjob" value="sun.lwawt.macosx.CPrinterJob"/><property name="file.encoding" value="UTF-8"/><property name="java.specification.version" value="1.8"/><property name="java.class.path" value="/Users/abidijasser/Library/Application Support/JetBrains/IdeaIC2020.3/plugins/Scala/launcher/sbt-launch.jar"/><property name="user.name" value="abidijasser"/><property name="jline.shutdownhook" value="false"/><property name="java.vm.specification.version" value="1.8"/><property name="sun.java.command" value="/Users/abidijasser/Library/Application Support/JetBrains/IdeaIC2020.3/plugins/Scala/launcher/sbt-launch.jar early(addPluginSbtFile=&quot;&quot;&quot;/private/var/folders/7l/wv8m_f052kg81ptqk7wplhqw0000gn/T/idea.sbt&quot;&quot;&quot;) ; set ideaPort in Global := 49175 ; idea-shell"/><property name="java.home" value="/Users/abidijasser/Library/Java/JavaVirtualMachines/corretto-1.8.0_275/Contents/Home/jre"/><property name="sun.arch.data.model" value="64"/><property name="user.language" value="en"/><property name="java.specification.vendor" value="Oracle Corporation"/><property name="awt.toolkit" value="sun.lwawt.macosx.LWCToolkit"/><property name="java.vm.info" value="mixed mode"/><property name="java.version" value="1.8.0_275"/><property name="java.ext.dirs" value="/Users/abidijasser/Library/Java/Extensions:/Users/abidijasser/Library/Java/JavaVirtualMachines/corretto-1.8.0_275/Contents/Home/jre/lib/ext:/Library/Java/Extensions:/Network/Library/Java/Extensions:/System/Library/Java/Extensions:/usr/lib/java"/><property name="sun.boot.class.path" value="/Users/abidijasser/Library/Java/JavaVirtualMachines/corretto-1.8.0_275/Contents/Home/jre/lib/resources.jar:/Users/abidijasser/Library/Java/JavaVirtualMachines/corretto-1.8.0_275/Contents/Home/jre/lib/rt.jar:/Users/abidijasser/Library/Java/JavaVirtualMachines/corretto-1.8.0_275/Contents/Home/jre/lib/sunrsasign.jar:/Users/abidijasser/Library/Java/JavaVirtualMachines/corretto-1.8.0_275/Contents/Home/jre/lib/jsse.jar:/Users/abidijasser/Library/Java/JavaVirtualMachines/corretto-1.8.0_275/Contents/Home/jre/lib/jce.jar:/Users/abidijasser/Library/Java/JavaVirtualMachines/corretto-1.8.0_275/Contents/Home/jre/lib/charsets.jar:/Users/abidijasser/Library/Java/JavaVirtualMachines/corretto-1.8.0_275/Contents/Home/jre/lib/jfr.jar:/Users/abidijasser/Library/Java/JavaVirtualMachines/corretto-1.8.0_275/Contents/Home/jre/classes"/><property name="java.vendor" value="Amazon.com Inc."/><property name="file.separator" value="/"/><property name="java.vendor.url.bug" value="https://github.com/corretto/corretto-8/issues/"/><property name="sbt.supershell" value="false"/><property name="sun.io.unicode.encoding" value="UnicodeBig"/><property name="sun.cpu.endian" value="little"/><property name="socksNonProxyHosts" value="local|*.local|169.254/16|*.169.254/16"/><property name="ftp.nonProxyHosts" value="local|*.local|169.254/16|*.169.254/16"/><property name="sun.cpu.isalist" value=""/>
    </properties>
                     <testcase classname="jass.metrics.DeltaClusteringMetricsSpec" name="test overlap for a delta table with non overlapping files" time="14.924">
                                                 
                                               </testcase><testcase classname="jass.metrics.DeltaClusteringMetricsSpec" name="test overlap for a delta table with all overlapping files" time="3.712">
                                                 
                                               </testcase><testcase classname="jass.metrics.DeltaClusteringMetricsSpec" name="get metrics for a column without statistics" time="-0.001">
                                                 <skipped/>
                                               </testcase>
                     <system-out><![CDATA[]]></system-out>
                     <system-err><![CDATA[]]></system-err>
                   </testsuite>